[2020/03/01 15:09:00.538] - Starting server (version 2.1.2) with initial configuration: {"gasLimit":6721975,"gasPrice":20000000000,"hardfork":"byzantium","db_path":"C:\\Users\\Huang Ming\\AppData\\Roaming\\Ganache\\workspaces\\is4302\\chaindata","default_balance_ether":100,"hostname":"127.0.0.1","locked":false,"network_id":5777,"port":8545,"total_accounts":10,"unlocked_accounts":[],"verbose":false,"vmErrorsOnRPCResponse":true,"logDirectory":"C:\\Users\\Huang Ming\\Desktop\\LifeBlock\\TruffleNetwork\\logs"}
[2020/03/01 15:09:00.662] - eth_subscribe
[2020/03/01 15:09:00.664] - eth_getLogs
[2020/03/01 15:09:00.665] - eth_subscribe
[2020/03/01 15:09:00.758] - eth_blockNumber
[2020/03/01 15:09:00.759] - eth_accounts
[2020/03/01 15:09:00.760] - eth_gasPrice
[2020/03/01 15:09:00.761] - eth_getBlockByNumber
[2020/03/01 15:09:00.761] - eth_subscribe
[2020/03/01 15:09:00.790] - eth_accounts
[2020/03/01 15:09:00.824] - eth_getBalance
[2020/03/01 15:09:00.834] - eth_getTransactionCount
[2020/03/01 15:09:00.841] - eth_getBalance
[2020/03/01 15:09:00.849] - eth_getTransactionCount
[2020/03/01 15:09:00.855] - eth_getBalance
[2020/03/01 15:09:00.865] - eth_getTransactionCount
[2020/03/01 15:09:00.871] - eth_getBalance
[2020/03/01 15:09:00.878] - eth_getTransactionCount
[2020/03/01 15:09:00.885] - eth_getBalance
[2020/03/01 15:09:00.895] - eth_getTransactionCount
[2020/03/01 15:09:00.902] - eth_getBalance
[2020/03/01 15:09:00.909] - eth_getTransactionCount
[2020/03/01 15:09:00.917] - eth_getBalance
[2020/03/01 15:09:00.927] - eth_getTransactionCount
[2020/03/01 15:09:00.934] - eth_getBalance
[2020/03/01 15:09:00.940] - eth_getTransactionCount
[2020/03/01 15:09:00.952] - eth_getBalance
[2020/03/01 15:09:00.961] - eth_getTransactionCount
[2020/03/01 15:09:00.967] - eth_getBalance
[2020/03/01 15:09:00.974] - eth_getTransactionCount
[2020/03/01 15:09:01.075] - eth_getBalance
[2020/03/01 15:09:01.082] - eth_getTransactionCount
[2020/03/01 15:09:01.089] - eth_getBalance
[2020/03/01 15:09:01.098] - eth_getTransactionCount
[2020/03/01 15:09:01.105] - eth_getBalance
[2020/03/01 15:09:01.113] - eth_getTransactionCount
[2020/03/01 15:09:01.121] - eth_getBalance
[2020/03/01 15:09:01.131] - eth_getTransactionCount
[2020/03/01 15:09:01.139] - eth_getBalance
[2020/03/01 15:09:01.147] - eth_getTransactionCount
[2020/03/01 15:09:01.156] - eth_getBalance
[2020/03/01 15:09:01.167] - eth_getTransactionCount
[2020/03/01 15:09:01.175] - eth_getBalance
[2020/03/01 15:09:01.185] - eth_getTransactionCount
[2020/03/01 15:09:01.192] - eth_getBalance
[2020/03/01 15:09:01.202] - eth_getTransactionCount
[2020/03/01 15:09:01.211] - eth_getBalance
[2020/03/01 15:09:01.219] - eth_getTransactionCount
[2020/03/01 15:09:01.228] - eth_getBalance
[2020/03/01 15:09:01.240] - eth_getTransactionCount
[2020/03/01 15:09:02.311] - eth_getBlockByNumber
[2020/03/01 15:09:02.350] - eth_getBlockByNumber
[2020/03/01 15:09:02.383] - eth_getBlockByNumber
[2020/03/01 15:09:02.415] - eth_getBlockByNumber
[2020/03/01 15:09:02.442] - eth_getBlockByNumber
[2020/03/01 15:09:02.478] - eth_getBlockByNumber
[2020/03/01 15:09:02.508] - eth_getBlockByNumber
[2020/03/01 15:09:02.541] - eth_getBlockByNumber
[2020/03/01 15:09:02.571] - eth_getBlockByNumber
[2020/03/01 15:09:02.602] - eth_getBlockByNumber
[2020/03/01 15:09:02.635] - eth_getBlockByNumber
[2020/03/01 15:09:02.664] - eth_getLogs
[2020/03/01 15:09:12.442] - eth_unsubscribe
[2020/03/01 15:09:12.444] - eth_unsubscribe
