[2020/03/01 15:02:14.258] - Starting server (version 2.1.2) with initial configuration: {"gasLimit":6721975,"gasPrice":20000000000,"hardfork":"byzantium","hostname":"127.0.0.1","port":8545,"network_id":5777,"default_balance_ether":100,"total_accounts":10,"unlocked_accounts":[],"locked":false,"vmErrorsOnRPCResponse":true,"verbose":false,"db_path":"C:\\Users\\Huang Ming\\AppData\\Roaming\\Ganache\\workspaces\\is4302\\chaindata","logDirectory":"C:\\Users\\Huang Ming\\Desktop\\LifeBlock\\TruffleNetwork\\logs"}
[2020/03/01 15:02:14.438] - eth_subscribe
[2020/03/01 15:02:14.439] - eth_getLogs
[2020/03/01 15:02:14.441] - eth_subscribe
[2020/03/01 15:02:14.532] - eth_blockNumber
[2020/03/01 15:02:14.533] - eth_accounts
[2020/03/01 15:02:14.534] - eth_gasPrice
[2020/03/01 15:02:14.535] - eth_getBlockByNumber
[2020/03/01 15:02:14.535] - eth_subscribe
[2020/03/01 15:02:14.565] - eth_accounts
[2020/03/01 15:02:14.600] - eth_getBalance
[2020/03/01 15:02:14.607] - eth_getTransactionCount
[2020/03/01 15:02:14.614] - eth_getBalance
[2020/03/01 15:02:14.621] - eth_getTransactionCount
[2020/03/01 15:02:14.632] - eth_getBalance
[2020/03/01 15:02:14.639] - eth_getTransactionCount
[2020/03/01 15:02:14.647] - eth_getBalance
[2020/03/01 15:02:14.654] - eth_getTransactionCount
[2020/03/01 15:02:14.665] - eth_getBalance
[2020/03/01 15:02:14.672] - eth_getTransactionCount
[2020/03/01 15:02:14.680] - eth_getBalance
[2020/03/01 15:02:14.687] - eth_getTransactionCount
[2020/03/01 15:02:14.697] - eth_getBalance
[2020/03/01 15:02:14.703] - eth_getTransactionCount
[2020/03/01 15:02:14.711] - eth_getBalance
[2020/03/01 15:02:14.718] - eth_getTransactionCount
[2020/03/01 15:02:14.728] - eth_getBalance
[2020/03/01 15:02:14.735] - eth_getTransactionCount
[2020/03/01 15:02:14.743] - eth_getBalance
[2020/03/01 15:02:14.750] - eth_getTransactionCount
[2020/03/01 15:02:14.847] - eth_getBalance
[2020/03/01 15:02:14.854] - eth_getTransactionCount
[2020/03/01 15:02:14.863] - eth_getBalance
[2020/03/01 15:02:14.869] - eth_getTransactionCount
[2020/03/01 15:02:14.876] - eth_getBalance
[2020/03/01 15:02:14.886] - eth_getTransactionCount
[2020/03/01 15:02:14.894] - eth_getBalance
[2020/03/01 15:02:14.900] - eth_getTransactionCount
[2020/03/01 15:02:14.907] - eth_getBalance
[2020/03/01 15:02:14.914] - eth_getTransactionCount
[2020/03/01 15:02:14.922] - eth_getBalance
[2020/03/01 15:02:14.929] - eth_getTransactionCount
[2020/03/01 15:02:14.935] - eth_getBalance
[2020/03/01 15:02:14.942] - eth_getTransactionCount
[2020/03/01 15:02:14.952] - eth_getBalance
[2020/03/01 15:02:14.958] - eth_getTransactionCount
[2020/03/01 15:02:14.966] - eth_getBalance
[2020/03/01 15:02:14.973] - eth_getTransactionCount
[2020/03/01 15:02:14.982] - eth_getBalance
[2020/03/01 15:02:14.988] - eth_getTransactionCount
[2020/03/01 15:02:26.835] - eth_unsubscribe
[2020/03/01 15:02:26.836] - eth_unsubscribe
[2020/03/01 15:02:27.256] - Warning: stopMining called when miner was already stopped
